android/timetracker/proguard-project.txt
# Copied from
#   http://proguard.sourceforge.net/docs/manual/examples.html#scala
#   http://proguard.sourceforge.net/docs/manual/examples.html#androidapplication
-dontwarn scala.**

-keepclasseswithmembers public class * {
    public static void main(java.lang.String[]);
}

-keep class * implements org.xml.sax.EntityResolver

-keepclassmembers class * {
    ** MODULE$;
}

-keepclassmembernames class scala.concurrent.forkjoin.ForkJoinPool {
    long eventCount;
    int  workerCounts;
    int  runControl;
    scala.concurrent.forkjoin.ForkJoinPool$WaitQueueNode syncStack;
    scala.concurrent.forkjoin.ForkJoinPool$WaitQueueNode spareStack;
}

-keepclassmembernames class scala.concurrent.forkjoin.ForkJoinWorkerThread {
    int base;
    int sp;
    int runState;
}

-keepclassmembernames class scala.concurrent.forkjoin.ForkJoinTask {
    int status;
}

-keepclassmembernames class scala.concurrent.forkjoin.LinkedTransferQueue {
    scala.concurrent.forkjoin.LinkedTransferQueue$PaddedAtomicReference head;
    scala.concurrent.forkjoin.LinkedTransferQueue$PaddedAtomicReference tail;
    scala.concurrent.forkjoin.LinkedTransferQueue$PaddedAtomicReference cleanMe;
}



############################

-keep public class * extends android.app.Activity
-keep public class * extends android.app.Application
-keep public class * extends android.app.Service
-keep public class * extends android.content.BroadcastReceiver
-keep public class * extends android.content.ContentProvider

-keep public class * extends android.view.View {
    public <init>(android.content.Context);
    public <init>(android.content.Context, android.util.AttributeSet);
    public <init>(android.content.Context, android.util.AttributeSet, int);
    public void set*(...);
}

-keepclasseswithmembers class * {
    public <init>(android.content.Context, android.util.AttributeSet);
}

-keepclasseswithmembers class * {
    public <init>(android.content.Context, android.util.AttributeSet, int);
}

-keepclassmembers class * implements android.os.Parcelable {
    static android.os.Parcelable$Creator CREATOR;
}

-keepclassmembers class **.R$* {
    public static <fields>;
}