android/timetracker/proguard_logs/seeds.txt
com.example.timetracker.R$drawable: int icon
com.example.timetracker.R$id: int current_time
com.example.timetracker.R$id: int lap_number
com.example.timetracker.R$id: int lap_time
com.example.timetracker.R$id: int list_view
com.example.timetracker.R$id: int reset
com.example.timetracker.R$id: int start_stop
com.example.timetracker.R$layout: int main
com.example.timetracker.R$layout: int row
com.example.timetracker.R$string: int app_name
com.example.timetracker.TimeTracker
com.example.timetracker.TimeTracker: TimeTracker()
...
scala.swing.FileChooser$Result$: scala.swing.FileChooser$Result$ MODULE$
scala.swing.FileChooser$SelectionMode$: scala.swing.FileChooser$SelectionMode$ MODULE$
scala.swing.FlowPanel$: scala.swing.FlowPanel$ MODULE$
scala.swing.FlowPanel$Alignment$: scala.swing.FlowPanel$Alignment$ MODULE$
scala.swing.FormattedTextField$: scala.swing.FormattedTextField$ MODULE$
scala.swing.FormattedTextField$FocusLostBehavior$: scala.swing.FormattedTextField$FocusLostBehavior$ MODULE$
scala.swing.Frame$: scala.swing.Frame$ MODULE$
scala.swing.GridBagPanel$: scala.swing.GridBagPanel$ MODULE$
scala.swing.GridBagPanel$Anchor$: scala.swing.GridBagPanel$Anchor$ MODULE$
scala.swing.GridBagPanel$Fill$: scala.swing.GridBagPanel$Fill$ MODULE$
scala.swing.GridPanel$: scala.swing.GridPanel$ MODULE$
scala.swing.ListView$: scala.swing.ListView$ MODULE$
scala.swing.ListView$GenericRenderer$: scala.swing.ListView$GenericRenderer$ MODULE$
scala.swing.ListView$IntervalMode$: scala.swing.ListView$IntervalMode$ MODULE$
scala.swing.ListView$Renderer$: scala.swing.ListView$Renderer$ MODULE$
scala.swing.MainFrame$: scala.swing.MainFrame$ MODULE$
scala.swing.MenuBar$: scala.swing.MenuBar$ MODULE$
scala.swing.MenuBar$NoMenuBar$: scala.swing.MenuBar$NoMenuBar$ MODULE$
scala.swing.Orientable$: scala.swing.Orientable$ MODULE$
scala.swing.Orientation$: scala.swing.Orientation$ MODULE$
scala.swing.Oriented$: scala.swing.Oriented$ MODULE$
scala.swing.Reactions$: scala.swing.Reactions$ MODULE$
scala.swing.RichWindow$: scala.swing.RichWindow$ MODULE$
scala.swing.ScrollBar$: scala.swing.ScrollBar$ MODULE$
scala.swing.ScrollPane$: scala.swing.ScrollPane$ MODULE$
scala.swing.ScrollPane$BarPolicy$: scala.swing.ScrollPane$BarPolicy$ MODULE$
scala.swing.Scrollable$: scala.swing.Scrollable$ MODULE$
scala.swing.SequentialContainer$: scala.swing.SequentialContainer$ MODULE$
scala.swing.Swing$: scala.swing.Swing$ MODULE$
scala.swing.Swing$EmptyIcon$: scala.swing.Swing$EmptyIcon$ MODULE$
scala.swing.Swing$Lowered$: scala.swing.Swing$Lowered$ MODULE$
scala.swing.Swing$Raised$: scala.swing.Swing$Raised$ MODULE$
scala.swing.SwingWorker$: scala.swing.SwingWorker$ MODULE$
scala.swing.TabbedPane$: scala.swing.TabbedPane$ MODULE$
scala.swing.TabbedPane$Layout$: scala.swing.TabbedPane$Layout$ MODULE$
scala.swing.Table$: scala.swing.Table$ MODULE$
scala.swing.Table$AutoResizeMode$: scala.swing.Table$AutoResizeMode$ MODULE$
scala.swing.Table$ElementMode$: scala.swing.Table$ElementMode$ MODULE$
scala.swing.Table$IntervalMode$: scala.swing.Table$IntervalMode$ MODULE$
scala.swing.TextComponent$: scala.swing.TextComponent$ MODULE$
scala.swing.UIElement$: scala.swing.UIElement$ MODULE$
scala.swing.event.ActionEvent$: scala.swing.event.ActionEvent$ MODULE$
scala.swing.event.BackgroundChanged$: scala.swing.event.BackgroundChanged$ MODULE$
scala.swing.event.ButtonClicked$: scala.swing.event.ButtonClicked$ MODULE$
scala.swing.event.CaretUpdate$: scala.swing.event.CaretUpdate$ MODULE$
scala.swing.event.ComponentAdded$: scala.swing.event.ComponentAdded$ MODULE$
scala.swing.event.ComponentRemoved$: scala.swing.event.ComponentRemoved$ MODULE$
scala.swing.event.EditDone$: scala.swing.event.EditDone$ MODULE$
scala.swing.event.FocusGained$: scala.swing.event.FocusGained$ MODULE$
scala.swing.event.FocusLost$: scala.swing.event.FocusLost$ MODULE$
scala.swing.event.FontChanged$: scala.swing.event.FontChanged$ MODULE$
scala.swing.event.ForegroundChanged$: scala.swing.event.ForegroundChanged$ MODULE$
scala.swing.event.Key$: scala.swing.event.Key$ MODULE$
scala.swing.event.Key$Location$: scala.swing.event.Key$Location$ MODULE$
scala.swing.event.Key$Modifier$: scala.swing.event.Key$Modifier$ MODULE$
scala.swing.event.KeyPressed$: scala.swing.event.KeyPressed$ MODULE$
scala.swing.event.KeyReleased$: scala.swing.event.KeyReleased$ MODULE$
scala.swing.event.KeyTyped$: scala.swing.event.KeyTyped$ MODULE$
scala.swing.event.ListChanged$: scala.swing.event.ListChanged$ MODULE$