android/timetracker/proguard_logs/mapping.txt
com.example.timetracker.AsyncTimer -> com.example.timetracker.a:
    com.example.timetracker.AsyncTimerCallback callback -> a
    long interval -> b
    void handleMessage(android.os.Message) -> handleMessage
    boolean start() -> a
    void stop() -> b
com.example.timetracker.AsyncTimerCallback -> com.example.timetracker.b:
    void onTime$386a8b7c() -> a
com.example.timetracker.R -> com.example.timetracker.c:
    int lap_number -> a
    int lap_time -> b
    int row -> c
    int loadFactor -> d
    java.lang.Object[] table -> e
    int tableSize -> f
    int threshold -> g
    int seedvalue -> h
    int[] sizemap -> i
    int loadFactor() -> a
    java.lang.Object[] table() -> b
    int tableSize() -> c
    int threshold() -> d
    int seedvalue() -> e
    int[] sizemap() -> f
    int typeCode(java.lang.Object) -> i
    boolean unboxToBoolean(java.lang.Object) -> a
    char unboxToChar(java.lang.Object) -> b
    byte unboxToByte(java.lang.Object) -> c
    short unboxToShort(java.lang.Object) -> d
    int unboxToInt(java.lang.Object) -> e
    long unboxToLong(java.lang.Object) -> f
    float unboxToFloat(java.lang.Object) -> g
    double unboxToDouble(java.lang.Object) -> h
    boolean equalsNumObject(java.lang.Number,java.lang.Object) -> a
    boolean equalsCharObject(java.lang.Character,java.lang.Object) -> a
    boolean equalsNumChar(java.lang.Number,java.lang.Character) -> a
    int hashFromNumber(java.lang.Number) -> a
    int mix(int,int) -> a
    int finalizeHash(int,int) -> b
com.example.timetracker.TimeTracker -> com.example.timetracker.TimeTracker:
    com.example.timetracker.TimerListAdaptor listAdaptor -> a
    com.example.timetracker.AsyncTimer timer -> b
    long startTime -> c
    com.example.timetracker.TimerListAdaptor listAdaptor() -> b
    void onCreate(android.os.Bundle) -> onCreate
    void onSaveInstanceState(android.os.Bundle) -> onSaveInstanceState
    void onClick(android.view.View) -> onClick
    void onTime$386a8b7c() -> a
    long elapsedTime() -> c
    void stopTimer() -> d
com.example.timetracker.TimeTracker$$anonfun$onCreate$1 -> com.example.timetracker.d:
    com.example.timetracker.TimeTracker $outer -> a
    java.lang.Object apply(java.lang.Object) -> a
com.example.timetracker.TimeTracker$$anonfun$onSaveInstanceState$1 -> com.example.timetracker.e:
    com.example.timetracker.TimeTracker $outer -> a
    scala.runtime.ObjectRef lapTimes$1 -> b
    void apply$mcVI$sp(int) -> f_
    java.lang.Object apply(java.lang.Object) -> a
com.example.timetracker.TimerListAdaptor -> com.example.timetracker.f:
    android.content.Context context -> a
    android.view.View getView(int,android.view.View,android.view.ViewGroup) -> getView
...
scala.collection.generic.MapFactory -> scala.a.b.o:
    scala.collection.GenMap empty$7fee4dfc() -> d
scala.collection.generic.MutableMapFactory -> scala.a.b.p:
    scala.collection.mutable.Builder newBuilder() -> b
scala.collection.generic.MutableSetFactory -> scala.a.b.q:
    scala.collection.mutable.Builder newBuilder() -> b
scala.collection.generic.SeqFactory -> scala.a.b.r:
scala.collection.generic.SeqForwarder -> scala.a.b.s:
    scala.collection.GenSeq underlying$7ff11759() -> z_
    boolean isDefinedAt(int) -> e
scala.collection.generic.SetFactory -> scala.a.b.t:
scala.collection.generic.TraversableForwarder -> scala.a.b.u:
    scala.collection.Traversable underlying() -> b
    scala.collection.Iterable underlying() -> c
scala.collection.immutable.$colon$colon -> scala.a.c.a:
    java.lang.Object scala$collection$immutable$$colon$colon$$hd -> a
    scala.collection.immutable.List tl -> b
    void tl_$eq(scala.collection.immutable.List) -> a
    java.lang.Object head() -> j
    scala.collection.immutable.List tail() -> B
    boolean isEmpty() -> h
    java.lang.String productPrefix() -> B_
    int productArity() -> C_
    java.lang.Object productElement(int) -> a_
    scala.collection.Iterator productIterator() -> h_
    java.lang.Object tail() -> w
scala.collection.immutable.$colon$colon$ -> scala.a.c.b:
    scala.collection.immutable.$colon$colon$ MODULE$ -> MODULE$
    java.lang.String toString() -> toString
scala.collection.immutable.AbstractMap -> scala.a.c.c:
    scala.collection.immutable.Map empty() -> a
    scala.collection.immutable.Map toMap(scala.Predef$$less$colon$less) -> a
    scala.collection.immutable.Map seq() -> b
    scala.collection.immutable.Map updated(java.lang.Object,java.lang.Object) -> a
    scala.collection.convert.WrapAsScala$class companion$6a9a1631() -> e
    scala.collection.Traversable thisCollection() -> l
    java.lang.Object filterNot(scala.Function1) -> e
    scala.collection.TraversableOnce seq() -> m
    scala.collection.Traversable seq() -> b_
    scala.collection.Iterable seq() -> a_
    scala.collection.GenMap seq$7fee4dfc() -> p
    scala.collection.GenMap empty$7fee4dfc() -> o
scala.collection.immutable.HashMap -> scala.a.c.d:
    int size() -> c_
    scala.collection.Iterator iterator() -> y
    void foreach(scala.Function1) -> a
    scala.Option get(java.lang.Object) -> f
    scala.collection.immutable.HashMap $plus(scala.Tuple2) -> b
    int computeHash(java.lang.Object) -> h
    scala.Option get0(java.lang.Object,int,int) -> b
    scala.collection.immutable.HashMap updated0(java.lang.Object,int,int,java.lang.Object,scala.Tuple2,scala.collection.immutable.HashMap$Merger) -> a
    scala.collection.immutable.HashMap removed0(java.lang.Object,int,int) -> c
    scala.collection.Traversable thisCollection() -> l
    java.lang.Object filterNot(scala.Function1) -> e
    scala.collection.TraversableOnce seq() -> m
    scala.collection.GenMap seq$7fee4dfc() -> p
    scala.collection.GenMap $minus$351baae0(java.lang.Object) -> g
    scala.collection.GenMap $plus(scala.Tuple2) -> a
    scala.collection.immutable.Map $plus(scala.Tuple2) -> c
    scala.collection.immutable.Map updated(java.lang.Object,java.lang.Object) -> a
    scala.collection.GenMap empty$7fee4dfc() -> o
    scala.collection.immutable.Map empty() -> a
scala.collection.immutable.HashMap$ -> scala.a.c.e:
    scala.collection.immutable.HashMap$ MODULE$ -> MODULE$
    scala.collection.generic.CanBuildFrom canBuildFrom() -> c
    scala.collection.immutable.HashMap empty() -> e
    scala.collection.immutable.HashMap$HashTrieMap scala$collection$immutable$HashMap$$makeHashTrieMap(int,scala.collection.immutable.HashMap,int,scala.collection.immutable.HashMap,int,int) -> a
    scala.collection.GenMap empty() -> a
    scala.collection.GenMap empty$7fee4dfc() -> d
scala.collection.immutable.HashMap$$anon$2 -> scala.a.c.f:
    scala.Function2 mergef$1 -> a
    scala.Tuple2 apply(scala.Tuple2,scala.Tuple2) -> a