android/timetracker/proguard_logs/usage.txt
com.example.timetracker.BuildConfig
com.example.timetracker.R:
    10:28:public R()
com.example.timetracker.R$attr
com.example.timetracker.R$drawable
com.example.timetracker.R$id:
    16:16:public R$id()
com.example.timetracker.R$layout:
    24:24:public R$layout()
com.example.timetracker.R$string
com.example.timetracker.TimeTracker:
    19:19:public void timer_$eq(com.example.timetracker.AsyncTimer)
com.example.timetracker.TimeTracker$$anonfun$onCreate$1:
    public static final long serialVersionUID
com.example.timetracker.TimeTracker$$anonfun$onSaveInstanceState$1:
    public static final long serialVersionUID
...
scala.collection.convert.DecorateAsJava$$anonfun$asJavaIterableConverter$1
scala.collection.convert.DecorateAsJava$$anonfun$asJavaIteratorConverter$1
scala.collection.convert.DecorateAsJava$$anonfun$bufferAsJavaListConverter$1
scala.collection.convert.DecorateAsJava$$anonfun$mapAsJavaConcurrentMapConverter$1
scala.collection.convert.DecorateAsJava$$anonfun$mapAsJavaMapConverter$1
scala.collection.convert.DecorateAsJava$$anonfun$mutableMapAsJavaMapConverter$1
scala.collection.convert.DecorateAsJava$$anonfun$mutableSeqAsJavaListConverter$1
scala.collection.convert.DecorateAsJava$$anonfun$mutableSetAsJavaSetConverter$1
scala.collection.convert.DecorateAsJava$$anonfun$seqAsJavaListConverter$1
scala.collection.convert.DecorateAsJava$$anonfun$setAsJavaSetConverter$1
scala.collection.convert.DecorateAsJava$class:
    74:74:public static scala.collection.convert.Decorators$AsJava asJavaIteratorConverter(scala.collection.convert.DecorateAsJava,scala.collection.Iterator)
    92:92:public static scala.collection.convert.Decorators$AsJavaEnumeration asJavaEnumerationConverter(scala.collection.convert.DecorateAsJava,scala.collection.Iterator)
    111:111:public static scala.collection.convert.Decorators$AsJava asJavaIterableConverter(scala.collection.convert.DecorateAsJava,scala.collection.Iterable)
    126:126:public static scala.collection.convert.Decorators$AsJavaCollection asJavaCollectionConverter(scala.collection.convert.DecorateAsJava,scala.collection.Iterable)
    145:145:public static scala.collection.convert.Decorators$AsJava bufferAsJavaListConverter(scala.collection.convert.DecorateAsJava,scala.collection.mutable.Buffer)
    164:164:public static scala.collection.convert.Decorators$AsJava mutableSeqAsJavaListConverter(scala.collection.convert.DecorateAsJava,scala.collection.mutable.Seq)
    183:183:public static scala.collection.convert.Decorators$AsJava seqAsJavaListConverter(scala.collection.convert.DecorateAsJava,scala.collection.Seq)
    202:202:public static scala.collection.convert.Decorators$AsJava mutableSetAsJavaSetConverter(scala.collection.convert.DecorateAsJava,scala.collection.mutable.Set)
scala.collection.convert.DecorateAsScala:
    public abstract scala.collection.convert.Decorators$AsScala asScalaIteratorConverter(java.util.Iterator)
    public abstract scala.collection.convert.Decorators$AsScala enumerationAsScalaIteratorConverter(java.util.Enumeration)
    public abstract scala.collection.convert.Decorators$AsScala iterableAsScalaIterableConverter(java.lang.Iterable)
    public abstract scala.collection.convert.Decorators$AsScala collectionAsScalaIterableConverter(java.util.Collection)
    public abstract scala.collection.convert.Decorators$AsScala asScalaBufferConverter(java.util.List)
    public abstract scala.collection.convert.Decorators$AsScala asScalaSetConverter(java.util.Set)
    public abstract scala.collection.convert.Decorators$AsScala mapAsScalaMapConverter(java.util.Map)
    public abstract scala.collection.convert.Decorators$AsScala asScalaConcurrentMapConverter(java.util.concurrent.ConcurrentMap)
    public abstract scala.collection.convert.Decorators$AsScala mapAsScalaConcurrentMapConverter(java.util.concurrent.ConcurrentMap)
    public abstract scala.collection.convert.Decorators$AsScala dictionaryAsScalaMapConverter(java.util.Dictionary)
scala.collection.convert.DecorateAsScala$$anonfun$asScalaBufferConverter$1
scala.collection.convert.DecorateAsScala$$anonfun$asScalaConcurrentMapConverter$1
scala.collection.convert.DecorateAsScala$$anonfun$asScalaIteratorConverter$1
scala.collection.convert.DecorateAsScala$$anonfun$asScalaSetConverter$1
scala.collection.convert.DecorateAsScala$$anonfun$collectionAsScalaIterableConverter$1
scala.collection.convert.DecorateAsScala$$anonfun$dictionaryAsScalaMapConverter$1
scala.collection.convert.DecorateAsScala$$anonfun$enumerationAsScalaIteratorConverter$1
scala.collection.convert.DecorateAsScala$$anonfun$iterableAsScalaIterableConverter$1